[0.512s] Invoking command in '/home/mdx-msc-bilal/Desktop/MDX ROS/CW1/build/turtlesim_pde4430': DEBUGINFOD_URLS=https://debuginfod.ubuntu.com PYTHONPATH=/home/mdx-msc-bilal/Desktop/MDX ROS/CW1/build/turtlesim_pde4430/prefix_override:/usr/lib/python3/dist-packages/colcon_core/task/python/colcon_distutils_commands:/home/mdx-msc-bilal/Desktop/MDX ROS/CW1/install/turtlesim_pde4430/lib/python3.12/site-packages:${PYTHONPATH} /usr/bin/python3 -W ignore:setup.py install is deprecated -W ignore:easy_install command is deprecated setup.py develop --editable --build-directory /home/mdx-msc-bilal/Desktop/MDX ROS/CW1/build/turtlesim_pde4430/build --no-deps symlink_data
[0.695s] running develop
[0.798s] running egg_info
[0.808s] writing turtlesim_pde4430.egg-info/PKG-INFO
[0.808s] writing dependency_links to turtlesim_pde4430.egg-info/dependency_links.txt
[0.808s] writing entry points to turtlesim_pde4430.egg-info/entry_points.txt
[0.809s] writing requirements to turtlesim_pde4430.egg-info/requires.txt
[0.809s] writing top-level names to turtlesim_pde4430.egg-info/top_level.txt
[0.826s] reading manifest file 'turtlesim_pde4430.egg-info/SOURCES.txt'
[0.826s] writing manifest file 'turtlesim_pde4430.egg-info/SOURCES.txt'
[0.837s] running build_ext
[0.838s] Creating /home/mdx-msc-bilal/Desktop/MDX ROS/CW1/install/turtlesim_pde4430/lib/python3.12/site-packages/turtlesim-pde4430.egg-link (link to .)
[0.838s] Installing circular_move script to /home/mdx-msc-bilal/Desktop/MDX ROS/CW1/install/turtlesim_pde4430/lib/turtlesim_pde4430
[0.838s] Installing double_sweep_roomba script to /home/mdx-msc-bilal/Desktop/MDX ROS/CW1/install/turtlesim_pde4430/lib/turtlesim_pde4430
[0.839s] Installing fast_lawnmower script to /home/mdx-msc-bilal/Desktop/MDX ROS/CW1/install/turtlesim_pde4430/lib/turtlesim_pde4430
[0.839s] Installing figure_eight script to /home/mdx-msc-bilal/Desktop/MDX ROS/CW1/install/turtlesim_pde4430/lib/turtlesim_pde4430
[0.839s] Installing goto_goal script to /home/mdx-msc-bilal/Desktop/MDX ROS/CW1/install/turtlesim_pde4430/lib/turtlesim_pde4430
[0.839s] Installing goto_goal_adv script to /home/mdx-msc-bilal/Desktop/MDX ROS/CW1/install/turtlesim_pde4430/lib/turtlesim_pde4430
[0.839s] Installing goto_goal_loop script to /home/mdx-msc-bilal/Desktop/MDX ROS/CW1/install/turtlesim_pde4430/lib/turtlesim_pde4430
[0.839s] Installing multi_cleaner script to /home/mdx-msc-bilal/Desktop/MDX ROS/CW1/install/turtlesim_pde4430/lib/turtlesim_pde4430
[0.839s] Installing roomba_cleaner script to /home/mdx-msc-bilal/Desktop/MDX ROS/CW1/install/turtlesim_pde4430/lib/turtlesim_pde4430
[0.839s] Installing square_patrol script to /home/mdx-msc-bilal/Desktop/MDX ROS/CW1/install/turtlesim_pde4430/lib/turtlesim_pde4430
[0.839s] Installing straight_move script to /home/mdx-msc-bilal/Desktop/MDX ROS/CW1/install/turtlesim_pde4430/lib/turtlesim_pde4430
[0.839s] Installing user_input script to /home/mdx-msc-bilal/Desktop/MDX ROS/CW1/install/turtlesim_pde4430/lib/turtlesim_pde4430
[0.839s] 
[0.839s] Installed /home/mdx-msc-bilal/Desktop/MDX ROS/CW1/build/turtlesim_pde4430
[0.840s] running symlink_data
[0.862s] Invoked command in '/home/mdx-msc-bilal/Desktop/MDX ROS/CW1/build/turtlesim_pde4430' returned '0': DEBUGINFOD_URLS=https://debuginfod.ubuntu.com PYTHONPATH=/home/mdx-msc-bilal/Desktop/MDX ROS/CW1/build/turtlesim_pde4430/prefix_override:/usr/lib/python3/dist-packages/colcon_core/task/python/colcon_distutils_commands:/home/mdx-msc-bilal/Desktop/MDX ROS/CW1/install/turtlesim_pde4430/lib/python3.12/site-packages:${PYTHONPATH} /usr/bin/python3 -W ignore:setup.py install is deprecated -W ignore:easy_install command is deprecated setup.py develop --editable --build-directory /home/mdx-msc-bilal/Desktop/MDX ROS/CW1/build/turtlesim_pde4430/build --no-deps symlink_data
