[0.463s] Invoking command in '/home/mdx-msc-bilal/Desktop/MDX ROS/CW1/build/turtlesim_pde4430': DEBUGINFOD_URLS=https://debuginfod.ubuntu.com PYTHONPATH=/home/mdx-msc-bilal/Desktop/MDX ROS/CW1/build/turtlesim_pde4430/prefix_override:/usr/lib/python3/dist-packages/colcon_core/task/python/colcon_distutils_commands:/home/mdx-msc-bilal/Desktop/MDX ROS/CW1/install/turtlesim_pde4430/lib/python3.12/site-packages:${PYTHONPATH} /usr/bin/python3 -W ignore:setup.py install is deprecated -W ignore:easy_install command is deprecated setup.py develop --editable --build-directory /home/mdx-msc-bilal/Desktop/MDX ROS/CW1/build/turtlesim_pde4430/build --no-deps symlink_data
[0.635s] running develop
[0.753s] running egg_info
[0.761s] writing turtlesim_pde4430.egg-info/PKG-INFO
[0.761s] writing dependency_links to turtlesim_pde4430.egg-info/dependency_links.txt
[0.761s] writing entry points to turtlesim_pde4430.egg-info/entry_points.txt
[0.762s] writing requirements to turtlesim_pde4430.egg-info/requires.txt
[0.762s] writing top-level names to turtlesim_pde4430.egg-info/top_level.txt
[0.784s] reading manifest file 'turtlesim_pde4430.egg-info/SOURCES.txt'
[0.785s] writing manifest file 'turtlesim_pde4430.egg-info/SOURCES.txt'
[0.794s] running build_ext
[0.794s] Creating /home/mdx-msc-bilal/Desktop/MDX ROS/CW1/install/turtlesim_pde4430/lib/python3.12/site-packages/turtlesim-pde4430.egg-link (link to .)
[0.795s] Installing circular_move script to /home/mdx-msc-bilal/Desktop/MDX ROS/CW1/install/turtlesim_pde4430/lib/turtlesim_pde4430
[0.795s] Installing figure_eight script to /home/mdx-msc-bilal/Desktop/MDX ROS/CW1/install/turtlesim_pde4430/lib/turtlesim_pde4430
[0.795s] Installing goto_goal script to /home/mdx-msc-bilal/Desktop/MDX ROS/CW1/install/turtlesim_pde4430/lib/turtlesim_pde4430
[0.795s] Installing straight_move script to /home/mdx-msc-bilal/Desktop/MDX ROS/CW1/install/turtlesim_pde4430/lib/turtlesim_pde4430
[0.795s] Installing user_input script to /home/mdx-msc-bilal/Desktop/MDX ROS/CW1/install/turtlesim_pde4430/lib/turtlesim_pde4430
[0.795s] 
[0.795s] Installed /home/mdx-msc-bilal/Desktop/MDX ROS/CW1/build/turtlesim_pde4430
[0.795s] running symlink_data
[0.795s] symbolically linking /home/mdx-msc-bilal/Desktop/MDX ROS/CW1/build/turtlesim_pde4430/launch/goto_goal.launch.xml -> /home/mdx-msc-bilal/Desktop/MDX ROS/CW1/install/turtlesim_pde4430/share/turtlesim_pde4430/launch
[0.796s] symbolically linking /home/mdx-msc-bilal/Desktop/MDX ROS/CW1/build/turtlesim_pde4430/launch/user_input.launch.xml -> /home/mdx-msc-bilal/Desktop/MDX ROS/CW1/install/turtlesim_pde4430/share/turtlesim_pde4430/launch
[0.819s] Invoked command in '/home/mdx-msc-bilal/Desktop/MDX ROS/CW1/build/turtlesim_pde4430' returned '0': DEBUGINFOD_URLS=https://debuginfod.ubuntu.com PYTHONPATH=/home/mdx-msc-bilal/Desktop/MDX ROS/CW1/build/turtlesim_pde4430/prefix_override:/usr/lib/python3/dist-packages/colcon_core/task/python/colcon_distutils_commands:/home/mdx-msc-bilal/Desktop/MDX ROS/CW1/install/turtlesim_pde4430/lib/python3.12/site-packages:${PYTHONPATH} /usr/bin/python3 -W ignore:setup.py install is deprecated -W ignore:easy_install command is deprecated setup.py develop --editable --build-directory /home/mdx-msc-bilal/Desktop/MDX ROS/CW1/build/turtlesim_pde4430/build --no-deps symlink_data
