[0.097s] DEBUG:colcon:Command line arguments: ['/usr/bin/colcon', 'build', '--symlink-install']
[0.097s] DEBUG:colcon:Parsed command line arguments: Namespace(log_base=None, log_level=None, verb_name='build', build_base='build', install_base='install', merge_install=False, symlink_install=True, test_result_base=None, continue_on_error=False, executor='parallel', parallel_workers=5, event_handlers=None, ignore_user_meta=False, metas=['./colcon.meta'], base_paths=['.'], packages_ignore=None, packages_ignore_regex=None, paths=None, packages_up_to=None, packages_up_to_regex=None, packages_above=None, packages_above_and_dependencies=None, packages_above_depth=None, packages_select_by_dep=None, packages_skip_by_dep=None, packages_skip_up_to=None, packages_select_build_failed=False, packages_skip_build_finished=False, packages_select_test_failures=False, packages_skip_test_passed=False, packages_select=None, packages_skip=None, packages_select_regex=None, packages_skip_regex=None, packages_start=None, packages_end=None, allow_overriding=[], cmake_args=None, cmake_target=None, cmake_target_skip_unavailable=False, cmake_clean_cache=False, cmake_clean_first=False, cmake_force_configure=False, ament_cmake_args=None, catkin_cmake_args=None, catkin_skip_building_tests=False, mixin_files=None, mixin=None, verb_parser=<colcon_mixin.mixin.mixin_argument.MixinArgumentDecorator object at 0xf06524be87a0>, verb_extension=<colcon_core.verb.build.BuildVerb object at 0xf06524be8440>, main=<bound method BuildVerb.main of <colcon_core.verb.build.BuildVerb object at 0xf06524be8440>>, mixin_verb=('build',))
[0.134s] Level 1:colcon.colcon_core.package_discovery:discover_packages(colcon_meta) check parameters
[0.134s] Level 1:colcon.colcon_core.package_discovery:discover_packages(recursive) check parameters
[0.134s] Level 1:colcon.colcon_core.package_discovery:discover_packages(ignore) check parameters
[0.134s] Level 1:colcon.colcon_core.package_discovery:discover_packages(path) check parameters
[0.134s] Level 1:colcon.colcon_core.package_discovery:discover_packages(colcon_meta) discover
[0.134s] Level 1:colcon.colcon_core.package_discovery:discover_packages(recursive) discover
[0.134s] INFO:colcon.colcon_core.package_discovery:Crawling recursively for packages in '/home/mdx-msc-bilal/Desktop/MDX ROS/CW1'
[0.134s] Level 1:colcon.colcon_core.package_identification:_identify(.) by extensions ['ignore', 'ignore_ament_install']
[0.134s] Level 1:colcon.colcon_core.package_identification:_identify(.) by extension 'ignore'
[0.134s] Level 1:colcon.colcon_core.package_identification:_identify(.) by extension 'ignore_ament_install'
[0.134s] Level 1:colcon.colcon_core.package_identification:_identify(.) by extensions ['colcon_pkg']
[0.134s] Level 1:colcon.colcon_core.package_identification:_identify(.) by extension 'colcon_pkg'
[0.135s] Level 1:colcon.colcon_core.package_identification:_identify(.) by extensions ['colcon_meta']
[0.135s] Level 1:colcon.colcon_core.package_identification:_identify(.) by extension 'colcon_meta'
[0.135s] Level 1:colcon.colcon_core.package_identification:_identify(.) by extensions ['ros']
[0.135s] Level 1:colcon.colcon_core.package_identification:_identify(.) by extension 'ros'
[0.157s] Level 1:colcon.colcon_core.package_identification:_identify(.) by extensions ['cmake', 'python']
[0.157s] Level 1:colcon.colcon_core.package_identification:_identify(.) by extension 'cmake'
[0.157s] Level 1:colcon.colcon_core.package_identification:_identify(.) by extension 'python'
[0.157s] Level 1:colcon.colcon_core.package_identification:_identify(.) by extensions ['python_setup_py']
[0.157s] Level 1:colcon.colcon_core.package_identification:_identify(.) by extension 'python_setup_py'
[0.157s] Level 1:colcon.colcon_core.package_identification:_identify(Images) by extensions ['ignore', 'ignore_ament_install']
[0.157s] Level 1:colcon.colcon_core.package_identification:_identify(Images) by extension 'ignore'
[0.158s] Level 1:colcon.colcon_core.package_identification:_identify(Images) by extension 'ignore_ament_install'
[0.158s] Level 1:colcon.colcon_core.package_identification:_identify(Images) by extensions ['colcon_pkg']
[0.158s] Level 1:colcon.colcon_core.package_identification:_identify(Images) by extension 'colcon_pkg'
[0.158s] Level 1:colcon.colcon_core.package_identification:_identify(Images) by extensions ['colcon_meta']
[0.158s] Level 1:colcon.colcon_core.package_identification:_identify(Images) by extension 'colcon_meta'
[0.158s] Level 1:colcon.colcon_core.package_identification:_identify(Images) by extensions ['ros']
[0.158s] Level 1:colcon.colcon_core.package_identification:_identify(Images) by extension 'ros'
[0.158s] Level 1:colcon.colcon_core.package_identification:_identify(Images) by extensions ['cmake', 'python']
[0.158s] Level 1:colcon.colcon_core.package_identification:_identify(Images) by extension 'cmake'
[0.158s] Level 1:colcon.colcon_core.package_identification:_identify(Images) by extension 'python'
[0.158s] Level 1:colcon.colcon_core.package_identification:_identify(Images) by extensions ['python_setup_py']
[0.158s] Level 1:colcon.colcon_core.package_identification:_identify(Images) by extension 'python_setup_py'
[0.158s] Level 1:colcon.colcon_core.package_identification:_identify(build) by extensions ['ignore', 'ignore_ament_install']
[0.158s] Level 1:colcon.colcon_core.package_identification:_identify(build) by extension 'ignore'
[0.158s] Level 1:colcon.colcon_core.package_identification:_identify(build) ignored
[0.158s] Level 1:colcon.colcon_core.package_identification:_identify(install) by extensions ['ignore', 'ignore_ament_install']
[0.158s] Level 1:colcon.colcon_core.package_identification:_identify(install) by extension 'ignore'
[0.158s] Level 1:colcon.colcon_core.package_identification:_identify(install) ignored
[0.158s] Level 1:colcon.colcon_core.package_identification:_identify(log) by extensions ['ignore', 'ignore_ament_install']
[0.158s] Level 1:colcon.colcon_core.package_identification:_identify(log) by extension 'ignore'
[0.158s] Level 1:colcon.colcon_core.package_identification:_identify(log) ignored
[0.158s] Level 1:colcon.colcon_core.package_identification:_identify(src) by extensions ['ignore', 'ignore_ament_install']
[0.158s] Level 1:colcon.colcon_core.package_identification:_identify(src) by extension 'ignore'
[0.158s] Level 1:colcon.colcon_core.package_identification:_identify(src) by extension 'ignore_ament_install'
[0.158s] Level 1:colcon.colcon_core.package_identification:_identify(src) by extensions ['colcon_pkg']
[0.158s] Level 1:colcon.colcon_core.package_identification:_identify(src) by extension 'colcon_pkg'
[0.158s] Level 1:colcon.colcon_core.package_identification:_identify(src) by extensions ['colcon_meta']
[0.158s] Level 1:colcon.colcon_core.package_identification:_identify(src) by extension 'colcon_meta'
[0.158s] Level 1:colcon.colcon_core.package_identification:_identify(src) by extensions ['ros']
[0.158s] Level 1:colcon.colcon_core.package_identification:_identify(src) by extension 'ros'
[0.158s] Level 1:colcon.colcon_core.package_identification:_identify(src) by extensions ['cmake', 'python']
[0.158s] Level 1:colcon.colcon_core.package_identification:_identify(src) by extension 'cmake'
[0.158s] Level 1:colcon.colcon_core.package_identification:_identify(src) by extension 'python'
[0.158s] Level 1:colcon.colcon_core.package_identification:_identify(src) by extensions ['python_setup_py']
[0.158s] Level 1:colcon.colcon_core.package_identification:_identify(src) by extension 'python_setup_py'
[0.158s] Level 1:colcon.colcon_core.package_identification:_identify(src/turtlesim_pde4430) by extensions ['ignore', 'ignore_ament_install']
[0.158s] Level 1:colcon.colcon_core.package_identification:_identify(src/turtlesim_pde4430) by extension 'ignore'
[0.158s] Level 1:colcon.colcon_core.package_identification:_identify(src/turtlesim_pde4430) by extension 'ignore_ament_install'
[0.158s] Level 1:colcon.colcon_core.package_identification:_identify(src/turtlesim_pde4430) by extensions ['colcon_pkg']
[0.158s] Level 1:colcon.colcon_core.package_identification:_identify(src/turtlesim_pde4430) by extension 'colcon_pkg'
[0.158s] Level 1:colcon.colcon_core.package_identification:_identify(src/turtlesim_pde4430) by extensions ['colcon_meta']
[0.158s] Level 1:colcon.colcon_core.package_identification:_identify(src/turtlesim_pde4430) by extension 'colcon_meta'
[0.159s] Level 1:colcon.colcon_core.package_identification:_identify(src/turtlesim_pde4430) by extensions ['ros']
[0.159s] Level 1:colcon.colcon_core.package_identification:_identify(src/turtlesim_pde4430) by extension 'ros'
[0.160s] DEBUG:colcon.colcon_core.package_identification:Package 'src/turtlesim_pde4430' with type 'ros.ament_python' and name 'turtlesim_pde4430'
[0.160s] Level 1:colcon.colcon_core.package_discovery:discover_packages(recursive) using defaults
[0.161s] Level 1:colcon.colcon_core.package_discovery:discover_packages(ignore) discover
[0.161s] Level 1:colcon.colcon_core.package_discovery:discover_packages(ignore) using defaults
[0.161s] Level 1:colcon.colcon_core.package_discovery:discover_packages(path) discover
[0.161s] Level 1:colcon.colcon_core.package_discovery:discover_packages(path) using defaults
[0.176s] Level 1:colcon.colcon_core.package_discovery:discover_packages(prefix_path) check parameters
[0.176s] Level 1:colcon.colcon_core.package_discovery:discover_packages(prefix_path) discover
[0.177s] WARNING:colcon.colcon_ros.prefix_path.ament:The path '/home/mdx-msc-bilal/Desktop/MDX ROS/CW1/install/turtlesim_pde4430' in the environment variable AMENT_PREFIX_PATH doesn't exist
[0.177s] DEBUG:colcon.colcon_installed_package_information.package_discovery:Found 0 installed packages in /home/mdx-msc-bilal/Desktop/MDX ROS/CW1/install
[0.179s] DEBUG:colcon.colcon_installed_package_information.package_discovery:Found 287 installed packages in /opt/ros/jazzy
[0.180s] Level 1:colcon.colcon_core.package_discovery:discover_packages(prefix_path) using defaults
[0.211s] Level 5:colcon.colcon_core.verb:set package 'turtlesim_pde4430' build argument 'cmake_args' from command line to 'None'
[0.211s] Level 5:colcon.colcon_core.verb:set package 'turtlesim_pde4430' build argument 'cmake_target' from command line to 'None'
[0.212s] Level 5:colcon.colcon_core.verb:set package 'turtlesim_pde4430' build argument 'cmake_target_skip_unavailable' from command line to 'False'
[0.212s] Level 5:colcon.colcon_core.verb:set package 'turtlesim_pde4430' build argument 'cmake_clean_cache' from command line to 'False'
[0.212s] Level 5:colcon.colcon_core.verb:set package 'turtlesim_pde4430' build argument 'cmake_clean_first' from command line to 'False'
[0.212s] Level 5:colcon.colcon_core.verb:set package 'turtlesim_pde4430' build argument 'cmake_force_configure' from command line to 'False'
[0.212s] Level 5:colcon.colcon_core.verb:set package 'turtlesim_pde4430' build argument 'ament_cmake_args' from command line to 'None'
[0.212s] Level 5:colcon.colcon_core.verb:set package 'turtlesim_pde4430' build argument 'catkin_cmake_args' from command line to 'None'
[0.212s] Level 5:colcon.colcon_core.verb:set package 'turtlesim_pde4430' build argument 'catkin_skip_building_tests' from command line to 'False'
[0.212s] DEBUG:colcon.colcon_core.verb:Building package 'turtlesim_pde4430' with the following arguments: {'ament_cmake_args': None, 'build_base': '/home/mdx-msc-bilal/Desktop/MDX ROS/CW1/build/turtlesim_pde4430', 'catkin_cmake_args': None, 'catkin_skip_building_tests': False, 'cmake_args': None, 'cmake_clean_cache': False, 'cmake_clean_first': False, 'cmake_force_configure': False, 'cmake_target': None, 'cmake_target_skip_unavailable': False, 'install_base': '/home/mdx-msc-bilal/Desktop/MDX ROS/CW1/install/turtlesim_pde4430', 'merge_install': False, 'path': '/home/mdx-msc-bilal/Desktop/MDX ROS/CW1/src/turtlesim_pde4430', 'symlink_install': True, 'test_result_base': None}
[0.212s] INFO:colcon.colcon_core.executor:Executing jobs using 'parallel' executor
[0.212s] DEBUG:colcon.colcon_parallel_executor.executor.parallel:run_until_complete
[0.213s] INFO:colcon.colcon_ros.task.ament_python.build:Building ROS package in '/home/mdx-msc-bilal/Desktop/MDX ROS/CW1/src/turtlesim_pde4430' with build type 'ament_python'
[0.213s] Level 1:colcon.colcon_core.shell:create_environment_hook('turtlesim_pde4430', 'ament_prefix_path')
[0.214s] INFO:colcon.colcon_core.plugin_system:Skipping extension 'colcon_core.shell.bat': Not used on non-Windows systems
[0.214s] INFO:colcon.colcon_core.shell:Creating environment hook '/home/mdx-msc-bilal/Desktop/MDX ROS/CW1/install/turtlesim_pde4430/share/turtlesim_pde4430/hook/ament_prefix_path.ps1'
[0.215s] INFO:colcon.colcon_core.shell:Creating environment descriptor '/home/mdx-msc-bilal/Desktop/MDX ROS/CW1/install/turtlesim_pde4430/share/turtlesim_pde4430/hook/ament_prefix_path.dsv'
[0.215s] INFO:colcon.colcon_core.shell:Creating environment hook '/home/mdx-msc-bilal/Desktop/MDX ROS/CW1/install/turtlesim_pde4430/share/turtlesim_pde4430/hook/ament_prefix_path.sh'
[0.216s] INFO:colcon.colcon_core.shell:Skip shell extension 'powershell' for command environment: Not usable outside of PowerShell
[0.216s] DEBUG:colcon.colcon_core.shell:Skip shell extension 'dsv' for command environment
[0.360s] INFO:colcon.colcon_core.task.python.build:Building Python package in '/home/mdx-msc-bilal/Desktop/MDX ROS/CW1/src/turtlesim_pde4430'
[0.361s] INFO:colcon.colcon_core.shell:Skip shell extension 'powershell' for command environment: Not usable outside of PowerShell
[0.361s] DEBUG:colcon.colcon_core.shell:Skip shell extension 'dsv' for command environment
[0.703s] DEBUG:colcon.colcon_core.event_handler.log_command:Invoking command in '/home/mdx-msc-bilal/Desktop/MDX ROS/CW1/build/turtlesim_pde4430': DEBUGINFOD_URLS=https://debuginfod.ubuntu.com PYTHONPATH=/home/mdx-msc-bilal/Desktop/MDX ROS/CW1/build/turtlesim_pde4430/prefix_override:/usr/lib/python3/dist-packages/colcon_core/task/python/colcon_distutils_commands:/home/mdx-msc-bilal/Desktop/MDX ROS/CW1/install/turtlesim_pde4430/lib/python3.12/site-packages:${PYTHONPATH} /usr/bin/python3 -W ignore:setup.py install is deprecated -W ignore:easy_install command is deprecated setup.py develop --editable --build-directory /home/mdx-msc-bilal/Desktop/MDX ROS/CW1/build/turtlesim_pde4430/build --no-deps symlink_data
[1.039s] Level 1:colcon.colcon_core.shell:create_environment_hook('turtlesim_pde4430', 'pythonpath_develop')
[1.039s] INFO:colcon.colcon_core.shell:Creating environment hook '/home/mdx-msc-bilal/Desktop/MDX ROS/CW1/build/turtlesim_pde4430/share/turtlesim_pde4430/hook/pythonpath_develop.ps1'
[1.040s] DEBUG:colcon.colcon_core.event_handler.log_command:Invoked command in '/home/mdx-msc-bilal/Desktop/MDX ROS/CW1/build/turtlesim_pde4430' returned '0': DEBUGINFOD_URLS=https://debuginfod.ubuntu.com PYTHONPATH=/home/mdx-msc-bilal/Desktop/MDX ROS/CW1/build/turtlesim_pde4430/prefix_override:/usr/lib/python3/dist-packages/colcon_core/task/python/colcon_distutils_commands:/home/mdx-msc-bilal/Desktop/MDX ROS/CW1/install/turtlesim_pde4430/lib/python3.12/site-packages:${PYTHONPATH} /usr/bin/python3 -W ignore:setup.py install is deprecated -W ignore:easy_install command is deprecated setup.py develop --editable --build-directory /home/mdx-msc-bilal/Desktop/MDX ROS/CW1/build/turtlesim_pde4430/build --no-deps symlink_data
[1.040s] INFO:colcon.colcon_core.shell:Creating environment descriptor '/home/mdx-msc-bilal/Desktop/MDX ROS/CW1/build/turtlesim_pde4430/share/turtlesim_pde4430/hook/pythonpath_develop.dsv'
[1.041s] INFO:colcon.colcon_core.shell:Creating environment hook '/home/mdx-msc-bilal/Desktop/MDX ROS/CW1/build/turtlesim_pde4430/share/turtlesim_pde4430/hook/pythonpath_develop.sh'
[1.042s] Level 1:colcon.colcon_core.environment:checking '/home/mdx-msc-bilal/Desktop/MDX ROS/CW1/install/turtlesim_pde4430' for CMake module files
[1.043s] Level 1:colcon.colcon_core.environment:checking '/home/mdx-msc-bilal/Desktop/MDX ROS/CW1/install/turtlesim_pde4430' for CMake config files
[1.043s] Level 1:colcon.colcon_core.environment:checking '/home/mdx-msc-bilal/Desktop/MDX ROS/CW1/install/turtlesim_pde4430/lib'
[1.043s] Level 1:colcon.colcon_core.environment:checking '/home/mdx-msc-bilal/Desktop/MDX ROS/CW1/install/turtlesim_pde4430/bin'
[1.043s] Level 1:colcon.colcon_core.environment:checking '/home/mdx-msc-bilal/Desktop/MDX ROS/CW1/install/turtlesim_pde4430/lib/pkgconfig/turtlesim_pde4430.pc'
[1.043s] Level 1:colcon.colcon_core.environment:checking '/home/mdx-msc-bilal/Desktop/MDX ROS/CW1/install/turtlesim_pde4430/lib/python3.12/site-packages'
[1.043s] Level 1:colcon.colcon_core.shell:create_environment_hook('turtlesim_pde4430', 'pythonpath')
[1.043s] INFO:colcon.colcon_core.shell:Creating environment hook '/home/mdx-msc-bilal/Desktop/MDX ROS/CW1/install/turtlesim_pde4430/share/turtlesim_pde4430/hook/pythonpath.ps1'
[1.044s] INFO:colcon.colcon_core.shell:Creating environment descriptor '/home/mdx-msc-bilal/Desktop/MDX ROS/CW1/install/turtlesim_pde4430/share/turtlesim_pde4430/hook/pythonpath.dsv'
[1.044s] INFO:colcon.colcon_core.shell:Creating environment hook '/home/mdx-msc-bilal/Desktop/MDX ROS/CW1/install/turtlesim_pde4430/share/turtlesim_pde4430/hook/pythonpath.sh'
[1.044s] Level 1:colcon.colcon_core.environment:checking '/home/mdx-msc-bilal/Desktop/MDX ROS/CW1/install/turtlesim_pde4430/bin'
[1.044s] Level 1:colcon.colcon_core.environment:create_environment_scripts_only(turtlesim_pde4430)
[1.044s] INFO:colcon.colcon_core.shell:Creating package script '/home/mdx-msc-bilal/Desktop/MDX ROS/CW1/install/turtlesim_pde4430/share/turtlesim_pde4430/package.ps1'
[1.046s] INFO:colcon.colcon_core.shell:Creating package descriptor '/home/mdx-msc-bilal/Desktop/MDX ROS/CW1/install/turtlesim_pde4430/share/turtlesim_pde4430/package.dsv'
[1.046s] INFO:colcon.colcon_core.shell:Creating package script '/home/mdx-msc-bilal/Desktop/MDX ROS/CW1/install/turtlesim_pde4430/share/turtlesim_pde4430/package.sh'
[1.047s] INFO:colcon.colcon_core.shell:Creating package script '/home/mdx-msc-bilal/Desktop/MDX ROS/CW1/install/turtlesim_pde4430/share/turtlesim_pde4430/package.bash'
[1.047s] INFO:colcon.colcon_core.shell:Creating package script '/home/mdx-msc-bilal/Desktop/MDX ROS/CW1/install/turtlesim_pde4430/share/turtlesim_pde4430/package.zsh'
[1.048s] Level 1:colcon.colcon_core.environment:create_file_with_runtime_dependencies(/home/mdx-msc-bilal/Desktop/MDX ROS/CW1/install/turtlesim_pde4430/share/colcon-core/packages/turtlesim_pde4430)
[1.048s] DEBUG:colcon.colcon_parallel_executor.executor.parallel:closing loop
[1.048s] DEBUG:colcon.colcon_parallel_executor.executor.parallel:loop closed
[1.048s] DEBUG:colcon.colcon_parallel_executor.executor.parallel:run_until_complete finished with '0'
[1.048s] DEBUG:colcon.colcon_core.event_reactor:joining thread
[1.054s] INFO:colcon.colcon_core.plugin_system:Skipping extension 'colcon_notification.desktop_notification.terminal_notifier': Not used on non-Darwin systems
[1.054s] INFO:colcon.colcon_core.plugin_system:Skipping extension 'colcon_notification.desktop_notification.win32': Not used on non-Windows systems
[1.054s] INFO:colcon.colcon_notification.desktop_notification:Sending desktop notification using 'notify2'
[1.075s] DEBUG:colcon.colcon_core.event_reactor:joined thread
[1.075s] INFO:colcon.colcon_core.shell:Creating prefix script '/home/mdx-msc-bilal/Desktop/MDX ROS/CW1/install/local_setup.ps1'
[1.076s] INFO:colcon.colcon_core.shell:Creating prefix util module '/home/mdx-msc-bilal/Desktop/MDX ROS/CW1/install/_local_setup_util_ps1.py'
[1.077s] INFO:colcon.colcon_core.shell:Creating prefix chain script '/home/mdx-msc-bilal/Desktop/MDX ROS/CW1/install/setup.ps1'
[1.079s] INFO:colcon.colcon_core.shell:Creating prefix script '/home/mdx-msc-bilal/Desktop/MDX ROS/CW1/install/local_setup.sh'
[1.080s] INFO:colcon.colcon_core.shell:Creating prefix util module '/home/mdx-msc-bilal/Desktop/MDX ROS/CW1/install/_local_setup_util_sh.py'
[1.080s] INFO:colcon.colcon_core.shell:Creating prefix chain script '/home/mdx-msc-bilal/Desktop/MDX ROS/CW1/install/setup.sh'
[1.081s] INFO:colcon.colcon_core.shell:Creating prefix script '/home/mdx-msc-bilal/Desktop/MDX ROS/CW1/install/local_setup.bash'
[1.081s] INFO:colcon.colcon_core.shell:Creating prefix chain script '/home/mdx-msc-bilal/Desktop/MDX ROS/CW1/install/setup.bash'
[1.082s] INFO:colcon.colcon_core.shell:Creating prefix script '/home/mdx-msc-bilal/Desktop/MDX ROS/CW1/install/local_setup.zsh'
[1.082s] INFO:colcon.colcon_core.shell:Creating prefix chain script '/home/mdx-msc-bilal/Desktop/MDX ROS/CW1/install/setup.zsh'
