[0.494s] Invoking command in '/home/mdx-msc-bilal/Desktop/MDX ROS/CW1/build/turtlesim_pde4430': DEBUGINFOD_URLS=https://debuginfod.ubuntu.com PYTHONPATH=/home/mdx-msc-bilal/Desktop/MDX ROS/CW1/build/turtlesim_pde4430/prefix_override:/usr/lib/python3/dist-packages/colcon_core/task/python/colcon_distutils_commands:/home/mdx-msc-bilal/Desktop/MDX ROS/CW1/install/turtlesim_pde4430/lib/python3.12/site-packages:${PYTHONPATH} /usr/bin/python3 -W ignore:setup.py install is deprecated -W ignore:easy_install command is deprecated setup.py develop --editable --build-directory /home/mdx-msc-bilal/Desktop/MDX ROS/CW1/build/turtlesim_pde4430/build --no-deps symlink_data
[0.682s] running develop
[0.783s] running egg_info
[0.783s] creating turtlesim_pde4430.egg-info
[0.793s] writing turtlesim_pde4430.egg-info/PKG-INFO
[0.794s] writing dependency_links to turtlesim_pde4430.egg-info/dependency_links.txt
[0.794s] writing entry points to turtlesim_pde4430.egg-info/entry_points.txt
[0.794s] writing requirements to turtlesim_pde4430.egg-info/requires.txt
[0.795s] writing top-level names to turtlesim_pde4430.egg-info/top_level.txt
[0.795s] writing manifest file 'turtlesim_pde4430.egg-info/SOURCES.txt'
[0.814s] reading manifest file 'turtlesim_pde4430.egg-info/SOURCES.txt'
[0.814s] writing manifest file 'turtlesim_pde4430.egg-info/SOURCES.txt'
[0.825s] running build_ext
[0.825s] Creating /home/mdx-msc-bilal/Desktop/MDX ROS/CW1/install/turtlesim_pde4430/lib/python3.12/site-packages/turtlesim-pde4430.egg-link (link to .)
[0.825s] Installing circular_move script to /home/mdx-msc-bilal/Desktop/MDX ROS/CW1/install/turtlesim_pde4430/lib/turtlesim_pde4430
[0.825s] Installing fast_lawnmower script to /home/mdx-msc-bilal/Desktop/MDX ROS/CW1/install/turtlesim_pde4430/lib/turtlesim_pde4430
[0.826s] Installing figure_eight script to /home/mdx-msc-bilal/Desktop/MDX ROS/CW1/install/turtlesim_pde4430/lib/turtlesim_pde4430
[0.826s] Installing goto_goal script to /home/mdx-msc-bilal/Desktop/MDX ROS/CW1/install/turtlesim_pde4430/lib/turtlesim_pde4430
[0.826s] Installing goto_goal_adv script to /home/mdx-msc-bilal/Desktop/MDX ROS/CW1/install/turtlesim_pde4430/lib/turtlesim_pde4430
[0.826s] Installing goto_goal_loop script to /home/mdx-msc-bilal/Desktop/MDX ROS/CW1/install/turtlesim_pde4430/lib/turtlesim_pde4430
[0.826s] Installing multi_cleaner script to /home/mdx-msc-bilal/Desktop/MDX ROS/CW1/install/turtlesim_pde4430/lib/turtlesim_pde4430
[0.826s] Installing roomba_cleaner script to /home/mdx-msc-bilal/Desktop/MDX ROS/CW1/install/turtlesim_pde4430/lib/turtlesim_pde4430
[0.826s] Installing square_patrol script to /home/mdx-msc-bilal/Desktop/MDX ROS/CW1/install/turtlesim_pde4430/lib/turtlesim_pde4430
[0.826s] Installing straight_move script to /home/mdx-msc-bilal/Desktop/MDX ROS/CW1/install/turtlesim_pde4430/lib/turtlesim_pde4430
[0.826s] Installing user_input script to /home/mdx-msc-bilal/Desktop/MDX ROS/CW1/install/turtlesim_pde4430/lib/turtlesim_pde4430
[0.826s] 
[0.826s] Installed /home/mdx-msc-bilal/Desktop/MDX ROS/CW1/build/turtlesim_pde4430
[0.826s] running symlink_data
[0.826s] creating /home/mdx-msc-bilal/Desktop/MDX ROS/CW1/install/turtlesim_pde4430/share/ament_index
[0.826s] creating /home/mdx-msc-bilal/Desktop/MDX ROS/CW1/install/turtlesim_pde4430/share/ament_index/resource_index
[0.826s] creating /home/mdx-msc-bilal/Desktop/MDX ROS/CW1/install/turtlesim_pde4430/share/ament_index/resource_index/packages
[0.826s] symbolically linking /home/mdx-msc-bilal/Desktop/MDX ROS/CW1/build/turtlesim_pde4430/resource/turtlesim_pde4430 -> /home/mdx-msc-bilal/Desktop/MDX ROS/CW1/install/turtlesim_pde4430/share/ament_index/resource_index/packages
[0.827s] symbolically linking /home/mdx-msc-bilal/Desktop/MDX ROS/CW1/build/turtlesim_pde4430/package.xml -> /home/mdx-msc-bilal/Desktop/MDX ROS/CW1/install/turtlesim_pde4430/share/turtlesim_pde4430
[0.827s] symbolically linking /home/mdx-msc-bilal/Desktop/MDX ROS/CW1/build/turtlesim_pde4430/README.md -> /home/mdx-msc-bilal/Desktop/MDX ROS/CW1/install/turtlesim_pde4430/share/turtlesim_pde4430
[0.827s] creating /home/mdx-msc-bilal/Desktop/MDX ROS/CW1/install/turtlesim_pde4430/share/turtlesim_pde4430/launch
[0.828s] symbolically linking /home/mdx-msc-bilal/Desktop/MDX ROS/CW1/build/turtlesim_pde4430/launch/goto_goal.launch.xml -> /home/mdx-msc-bilal/Desktop/MDX ROS/CW1/install/turtlesim_pde4430/share/turtlesim_pde4430/launch
[0.828s] symbolically linking /home/mdx-msc-bilal/Desktop/MDX ROS/CW1/build/turtlesim_pde4430/launch/multi_cleaner.launch.xml -> /home/mdx-msc-bilal/Desktop/MDX ROS/CW1/install/turtlesim_pde4430/share/turtlesim_pde4430/launch
[0.828s] symbolically linking /home/mdx-msc-bilal/Desktop/MDX ROS/CW1/build/turtlesim_pde4430/launch/fast_lawnmower.launch.xml -> /home/mdx-msc-bilal/Desktop/MDX ROS/CW1/install/turtlesim_pde4430/share/turtlesim_pde4430/launch
[0.828s] symbolically linking /home/mdx-msc-bilal/Desktop/MDX ROS/CW1/build/turtlesim_pde4430/launch/square_patrol.launch.xml -> /home/mdx-msc-bilal/Desktop/MDX ROS/CW1/install/turtlesim_pde4430/share/turtlesim_pde4430/launch
[0.828s] symbolically linking /home/mdx-msc-bilal/Desktop/MDX ROS/CW1/build/turtlesim_pde4430/launch/goto_goal_adv.launch.xml -> /home/mdx-msc-bilal/Desktop/MDX ROS/CW1/install/turtlesim_pde4430/share/turtlesim_pde4430/launch
[0.828s] symbolically linking /home/mdx-msc-bilal/Desktop/MDX ROS/CW1/build/turtlesim_pde4430/launch/circular_move.launch.xml -> /home/mdx-msc-bilal/Desktop/MDX ROS/CW1/install/turtlesim_pde4430/share/turtlesim_pde4430/launch
[0.828s] symbolically linking /home/mdx-msc-bilal/Desktop/MDX ROS/CW1/build/turtlesim_pde4430/launch/roomba_cleaner.launch.xml -> /home/mdx-msc-bilal/Desktop/MDX ROS/CW1/install/turtlesim_pde4430/share/turtlesim_pde4430/launch
[0.828s] symbolically linking /home/mdx-msc-bilal/Desktop/MDX ROS/CW1/build/turtlesim_pde4430/launch/figure_eight.launch.xml -> /home/mdx-msc-bilal/Desktop/MDX ROS/CW1/install/turtlesim_pde4430/share/turtlesim_pde4430/launch
[0.828s] symbolically linking /home/mdx-msc-bilal/Desktop/MDX ROS/CW1/build/turtlesim_pde4430/launch/user_input.launch.xml -> /home/mdx-msc-bilal/Desktop/MDX ROS/CW1/install/turtlesim_pde4430/share/turtlesim_pde4430/launch
[0.828s] symbolically linking /home/mdx-msc-bilal/Desktop/MDX ROS/CW1/build/turtlesim_pde4430/launch/straight_move.launch.xml -> /home/mdx-msc-bilal/Desktop/MDX ROS/CW1/install/turtlesim_pde4430/share/turtlesim_pde4430/launch
[0.855s] Invoked command in '/home/mdx-msc-bilal/Desktop/MDX ROS/CW1/build/turtlesim_pde4430' returned '0': DEBUGINFOD_URLS=https://debuginfod.ubuntu.com PYTHONPATH=/home/mdx-msc-bilal/Desktop/MDX ROS/CW1/build/turtlesim_pde4430/prefix_override:/usr/lib/python3/dist-packages/colcon_core/task/python/colcon_distutils_commands:/home/mdx-msc-bilal/Desktop/MDX ROS/CW1/install/turtlesim_pde4430/lib/python3.12/site-packages:${PYTHONPATH} /usr/bin/python3 -W ignore:setup.py install is deprecated -W ignore:easy_install command is deprecated setup.py develop --editable --build-directory /home/mdx-msc-bilal/Desktop/MDX ROS/CW1/build/turtlesim_pde4430/build --no-deps symlink_data
